<?xml version="1.0" encoding="utf-8"?><testsuites name="pytest tests"><testsuite name="pytest" errors="0" failures="0" skipped="0" tests="30" time="11.159" timestamp="2026-05-31T06:55:43.826589+00:00" hostname="agent-env-7cf6e75c-5a2c-4830-8a79-366dac2b3f8f"><testcase classname="tests.test_backend_api.TestAuth" name="test_root" time="0.201" /><testcase classname="tests.test_backend_api.TestAuth" name="test_signup" time="0.409" /><testcase classname="tests.test_backend_api.TestAuth" name="test_signup_duplicate_email" time="0.129" /><testcase classname="tests.test_backend_api.TestAuth" name="test_login_success" time="0.368" /><testcase classname="tests.test_backend_api.TestAuth" name="test_login_wrong_password" time="0.327" /><testcase classname="tests.test_backend_api.TestAuth" name="test_me_authenticated" time="0.108" /><testcase classname="tests.test_backend_api.TestAuth" name="test_me_no_token" time="0.147" /><testcase classname="tests.test_backend_api.TestAuth" name="test_me_bad_token" time="0.141" /><testcase classname="tests.test_backend_api.TestSources" name="test_sources_initially_empty" time="0.101" /><testcase classname="tests.test_backend_api.TestSources" name="test_sources_requires_auth" time="0.167" /><testcase classname="tests.test_backend_api.TestSources" name="test_connect_gdrive_invalid_token" time="0.179" /><testcase classname="tests.test_backend_api.TestSources" name="test_connect_dropbox_invalid_token" time="0.250" /><testcase classname="tests.test_backend_api.TestFiles" name="test_upload_generic_named_text_file" time="0.114" /><testcase classname="tests.test_backend_api.TestFiles" name="test_upload_duplicate_content" time="0.113" /><testcase classname="tests.test_backend_api.TestFiles" name="test_upload_non_generic_file" time="0.097" /><testcase classname="tests.test_backend_api.TestFiles" name="test_list_files" time="0.100" /><testcase classname="tests.test_backend_api.TestFiles" name="test_files_requires_auth" time="0.197" /><testcase classname="tests.test_backend_api.TestAnalyze" name="test_analyze_returns_duplicate_group" time="4.916" /><testcase classname="tests.test_backend_api.TestRenameCandidates" name="test_rename_candidates_ai_suggestion" time="1.518" /><testcase classname="tests.test_backend_api.TestRename" name="test_rename_file" time="0.368" /><testcase classname="tests.test_backend_api.TestRename" name="test_rename_empty_name_rejected" time="0.102" /><testcase classname="tests.test_backend_api.TestRename" name="test_rename_unknown_file_404" time="0.103" /><testcase classname="tests.test_backend_api.TestDashboard" name="test_dashboard_stats" time="0.107" /><testcase classname="tests.test_backend_api.TestDelete" name="test_delete_file" time="0.229" /><testcase classname="tests.test_backend_api.TestDelete" name="test_delete_unknown_404" time="0.109" /><testcase classname="tests.test_backend_api.TestSecurity" name="test_endpoints_require_auth[/api/sources-GET]" time="0.099" /><testcase classname="tests.test_backend_api.TestSecurity" name="test_endpoints_require_auth[/api/files-GET]" time="0.103" /><testcase classname="tests.test_backend_api.TestSecurity" name="test_endpoints_require_auth[/api/scan/analyze-POST]" time="0.096" /><testcase classname="tests.test_backend_api.TestSecurity" name="test_endpoints_require_auth[/api/scan/rename-candidates-GET]" time="0.109" /><testcase classname="tests.test_backend_api.TestSecurity" name="test_endpoints_require_auth[/api/dashboard/stats-GET]" time="0.098" /></testsuite></testsuites>